[09-Nov-2025 02:24:51 UTC] [ovl] login_redirect fired remove filter
[09-Nov-2025 02:24:52 UTC] [ovl] login_redirect fired remove filter
[09-Nov-2025 02:24:52 UTC] [ovl] login_redirect fired remove filter
[09-Nov-2025 02:24:54 UTC] [ovl] login_redirect fired remove filter
[09-Nov-2025 02:25:03 UTC] [ovl] login_redirect fired remove filter
[09-Nov-2025 02:25:07 UTC] [ovl] login_redirect fired remove filter
[09-Nov-2025 02:25:07 UTC] [ovl] login_redirect fired
[09-Nov-2025 02:25:07 UTC] [ovl] login_redirect fired _REQUEST
[09-Nov-2025 02:25:07 UTC] [ovl] login_redirect fired remove filter
[09-Nov-2025 02:25:23 UTC] [ovl] login_redirect fired remove filter
[09-Nov-2025 02:25:27 UTC] [ovl] login_redirect fired remove filter
[09-Nov-2025 02:25:36 UTC] [ovl] login_redirect fired remove filter
[09-Nov-2025 02:25:36 UTC] [ovl] login_redirect fired remove filter
[09-Nov-2025 02:25:41 UTC] [ovl] login_redirect fired remove filter
[09-Nov-2025 02:25:42 UTC] [ovl] login_redirect fired remove filter
[09-Nov-2025 02:26:22 UTC] [ovl] login_redirect fired remove filter
[09-Nov-2025 02:26:22 UTC] [ovl] login_redirect fired remove filter
[09-Nov-2025 02:26:42 UTC] [ovl] login_redirect fired remove filter
[09-Nov-2025 02:26:42 UTC] [ovl] login_redirect fired remove filter
[09-Nov-2025 02:28:23 UTC] [ovl] login_redirect fired remove filter
[09-Nov-2025 02:28:24 UTC] [ovl] login_redirect fired remove filter
[09-Nov-2025 02:28:43 UTC] [ovl] login_redirect fired remove filter
[09-Nov-2025 02:28:43 UTC] [ovl] login_redirect fired remove filter
[09-Nov-2025 03:55:45 UTC] [OVL] property detail renderer aborted. Post type=page
[09-Nov-2025 03:55:52 UTC] [OVL] property detail renderer aborted. Post type=page
[09-Nov-2025 03:55:52 UTC] [OVL] property detail renderer aborted. Post type=page
[09-Nov-2025 06:23:13 UTC] フックの cron 再予約イベントエラー: action_scheduler_run_queue、エラーコード: could_not_set、エラーメッセージ: Cron イベントのリストを保存できません。、データ: {"schedule":"every_minute","args":["WP Cron"],"interval":60}
[09-Nov-2025 06:34:38 UTC] PHP Parse error:  syntax error, unexpected identifier "add_shortcode" in C:\Users\81705\Local Sites\okivaluelab\app\public\wp-content\themes\okivaluelab-child\functions.php on line 18
[09-Nov-2025 06:34:42 UTC] PHP Parse error:  syntax error, unexpected identifier "add_shortcode" in C:\Users\81705\Local Sites\okivaluelab\app\public\wp-content\themes\okivaluelab-child\functions.php on line 18
[09-Nov-2025 06:34:46 UTC] PHP Parse error:  syntax error, unexpected identifier "add_shortcode" in C:\Users\81705\Local Sites\okivaluelab\app\public\wp-content\themes\okivaluelab-child\functions.php on line 18
[09-Nov-2025 06:34:46 UTC] PHP Notice:  関数 _load_textdomain_just_in_time が<strong>誤って</strong>呼び出されました。<code>okivaluelab-child</code> ドメインの翻訳の読み込みが早すぎました。これは通常、プラグインまたはテーマの一部のコードが早すぎるタイミングで実行されていることを示しています。翻訳は <code>init</code> アクション以降で読み込む必要があります。 詳しくは <a href="https://developer.wordpress.org/advanced-administration/debug/debug-wordpress/">WordPress のデバッグ</a>をご覧ください。 (このメッセージはバージョン 6.7.0 で追加されました) in C:\Users\81705\Local Sites\okivaluelab\app\public\wp-includes\functions.php on line 6121
[09-Nov-2025 06:34:46 UTC] PHP Warning:  Trying to access array offset on value of type bool in C:\Users\81705\Local Sites\okivaluelab\app\public\wp-includes\class-wp-recovery-mode-email-service.php on line 367
[09-Nov-2025 06:34:46 UTC] PHP Warning:  Trying to access array offset on value of type bool in C:\Users\81705\Local Sites\okivaluelab\app\public\wp-includes\class-wp-recovery-mode-email-service.php on line 368
[09-Nov-2025 06:34:50 UTC] PHP Parse error:  syntax error, unexpected identifier "add_shortcode" in C:\Users\81705\Local Sites\okivaluelab\app\public\wp-content\themes\okivaluelab-child\functions.php on line 18
[09-Nov-2025 06:35:07 UTC] PHP Parse error:  syntax error, unexpected identifier "add_shortcode" in C:\Users\81705\Local Sites\okivaluelab\app\public\wp-content\themes\okivaluelab-child\functions.php on line 18
[09-Nov-2025 06:35:10 UTC] PHP Parse error:  syntax error, unexpected identifier "add_shortcode" in C:\Users\81705\Local Sites\okivaluelab\app\public\wp-content\themes\okivaluelab-child\functions.php on line 18
[09-Nov-2025 06:35:12 UTC] PHP Parse error:  syntax error, unexpected identifier "add_shortcode" in C:\Users\81705\Local Sites\okivaluelab\app\public\wp-content\themes\okivaluelab-child\functions.php on line 18
[09-Nov-2025 06:35:12 UTC] PHP Parse error:  syntax error, unexpected identifier "add_shortcode" in C:\Users\81705\Local Sites\okivaluelab\app\public\wp-content\themes\okivaluelab-child\functions.php on line 18
[09-Nov-2025 06:35:39 UTC] PHP Parse error:  syntax error, unexpected identifier "add_shortcode" in C:\Users\81705\Local Sites\okivaluelab\app\public\wp-content\themes\okivaluelab-child\functions.php on line 18
[09-Nov-2025 06:35:43 UTC] PHP Parse error:  syntax error, unexpected identifier "add_shortcode" in C:\Users\81705\Local Sites\okivaluelab\app\public\wp-content\themes\okivaluelab-child\functions.php on line 18
[09-Nov-2025 06:36:08 UTC] PHP Parse error:  syntax error, unexpected identifier "add_shortcode" in C:\Users\81705\Local Sites\okivaluelab\app\public\wp-content\themes\okivaluelab-child\functions.php on line 18
[09-Nov-2025 06:36:12 UTC] PHP Parse error:  syntax error, unexpected identifier "add_shortcode" in C:\Users\81705\Local Sites\okivaluelab\app\public\wp-content\themes\okivaluelab-child\functions.php on line 18
[09-Nov-2025 06:36:12 UTC] PHP Parse error:  syntax error, unexpected identifier "add_shortcode" in C:\Users\81705\Local Sites\okivaluelab\app\public\wp-content\themes\okivaluelab-child\functions.php on line 18
[09-Nov-2025 06:36:12 UTC] PHP Parse error:  syntax error, unexpected identifier "add_shortcode" in C:\Users\81705\Local Sites\okivaluelab\app\public\wp-content\themes\okivaluelab-child\functions.php on line 18
[09-Nov-2025 06:36:15 UTC] PHP Parse error:  syntax error, unexpected identifier "add_shortcode" in C:\Users\81705\Local Sites\okivaluelab\app\public\wp-content\themes\okivaluelab-child\functions.php on line 18
[09-Nov-2025 06:36:40 UTC] PHP Parse error:  syntax error, unexpected identifier "add_shortcode" in C:\Users\81705\Local Sites\okivaluelab\app\public\wp-content\themes\okivaluelab-child\functions.php on line 18
[09-Nov-2025 06:36:44 UTC] PHP Parse error:  syntax error, unexpected identifier "add_shortcode" in C:\Users\81705\Local Sites\okivaluelab\app\public\wp-content\themes\okivaluelab-child\functions.php on line 18
[09-Nov-2025 06:36:47 UTC] PHP Parse error:  syntax error, unexpected identifier "add_shortcode" in C:\Users\81705\Local Sites\okivaluelab\app\public\wp-content\themes\okivaluelab-child\functions.php on line 18
[09-Nov-2025 06:36:50 UTC] PHP Parse error:  syntax error, unexpected identifier "add_shortcode" in C:\Users\81705\Local Sites\okivaluelab\app\public\wp-content\themes\okivaluelab-child\functions.php on line 18
[09-Nov-2025 06:37:09 UTC] PHP Parse error:  syntax error, unexpected identifier "add_shortcode" in C:\Users\81705\Local Sites\okivaluelab\app\public\wp-content\themes\okivaluelab-child\functions.php on line 18
[09-Nov-2025 06:37:12 UTC] PHP Parse error:  syntax error, unexpected identifier "add_shortcode" in C:\Users\81705\Local Sites\okivaluelab\app\public\wp-content\themes\okivaluelab-child\functions.php on line 18
[09-Nov-2025 06:37:12 UTC] PHP Parse error:  syntax error, unexpected identifier "add_shortcode" in C:\Users\81705\Local Sites\okivaluelab\app\public\wp-content\themes\okivaluelab-child\functions.php on line 18
[09-Nov-2025 06:37:15 UTC] PHP Parse error:  syntax error, unexpected identifier "add_shortcode" in C:\Users\81705\Local Sites\okivaluelab\app\public\wp-content\themes\okivaluelab-child\functions.php on line 18
[09-Nov-2025 06:37:41 UTC] PHP Parse error:  syntax error, unexpected identifier "add_shortcode" in C:\Users\81705\Local Sites\okivaluelab\app\public\wp-content\themes\okivaluelab-child\functions.php on line 18
[09-Nov-2025 06:37:45 UTC] PHP Parse error:  syntax error, unexpected identifier "add_shortcode" in C:\Users\81705\Local Sites\okivaluelab\app\public\wp-content\themes\okivaluelab-child\functions.php on line 18
[09-Nov-2025 06:37:49 UTC] PHP Parse error:  syntax error, unexpected identifier "add_shortcode" in C:\Users\81705\Local Sites\okivaluelab\app\public\wp-content\themes\okivaluelab-child\functions.php on line 18
[09-Nov-2025 06:38:10 UTC] PHP Parse error:  syntax error, unexpected identifier "add_shortcode" in C:\Users\81705\Local Sites\okivaluelab\app\public\wp-content\themes\okivaluelab-child\functions.php on line 18
[09-Nov-2025 06:38:12 UTC] PHP Parse error:  syntax error, unexpected identifier "add_shortcode" in C:\Users\81705\Local Sites\okivaluelab\app\public\wp-content\themes\okivaluelab-child\functions.php on line 18
[09-Nov-2025 06:38:12 UTC] PHP Parse error:  syntax error, unexpected identifier "add_shortcode" in C:\Users\81705\Local Sites\okivaluelab\app\public\wp-content\themes\okivaluelab-child\functions.php on line 18
[09-Nov-2025 06:38:15 UTC] PHP Parse error:  syntax error, unexpected identifier "add_shortcode" in C:\Users\81705\Local Sites\okivaluelab\app\public\wp-content\themes\okivaluelab-child\functions.php on line 18
[09-Nov-2025 06:38:42 UTC] PHP Parse error:  syntax error, unexpected identifier "add_shortcode" in C:\Users\81705\Local Sites\okivaluelab\app\public\wp-content\themes\okivaluelab-child\functions.php on line 18
[09-Nov-2025 06:38:46 UTC] PHP Parse error:  syntax error, unexpected identifier "add_shortcode" in C:\Users\81705\Local Sites\okivaluelab\app\public\wp-content\themes\okivaluelab-child\functions.php on line 18
[09-Nov-2025 06:38:50 UTC] PHP Parse error:  syntax error, unexpected identifier "add_shortcode" in C:\Users\81705\Local Sites\okivaluelab\app\public\wp-content\themes\okivaluelab-child\functions.php on line 18
[09-Nov-2025 06:39:11 UTC] PHP Parse error:  syntax error, unexpected identifier "add_shortcode" in C:\Users\81705\Local Sites\okivaluelab\app\public\wp-content\themes\okivaluelab-child\functions.php on line 18
[09-Nov-2025 06:39:12 UTC] PHP Parse error:  syntax error, unexpected identifier "add_shortcode" in C:\Users\81705\Local Sites\okivaluelab\app\public\wp-content\themes\okivaluelab-child\functions.php on line 18
[09-Nov-2025 06:39:12 UTC] PHP Parse error:  syntax error, unexpected identifier "add_shortcode" in C:\Users\81705\Local Sites\okivaluelab\app\public\wp-content\themes\okivaluelab-child\functions.php on line 18
[09-Nov-2025 06:39:15 UTC] PHP Parse error:  syntax error, unexpected identifier "add_shortcode" in C:\Users\81705\Local Sites\okivaluelab\app\public\wp-content\themes\okivaluelab-child\functions.php on line 18
[09-Nov-2025 06:39:43 UTC] PHP Parse error:  syntax error, unexpected identifier "add_shortcode" in C:\Users\81705\Local Sites\okivaluelab\app\public\wp-content\themes\okivaluelab-child\functions.php on line 18
[09-Nov-2025 06:39:47 UTC] PHP Parse error:  syntax error, unexpected identifier "add_shortcode" in C:\Users\81705\Local Sites\okivaluelab\app\public\wp-content\themes\okivaluelab-child\functions.php on line 18
[09-Nov-2025 06:39:49 UTC] PHP Parse error:  syntax error, unexpected identifier "add_shortcode" in C:\Users\81705\Local Sites\okivaluelab\app\public\wp-content\themes\okivaluelab-child\functions.php on line 18
[09-Nov-2025 06:40:12 UTC] PHP Parse error:  syntax error, unexpected identifier "add_shortcode" in C:\Users\81705\Local Sites\okivaluelab\app\public\wp-content\themes\okivaluelab-child\functions.php on line 18
[09-Nov-2025 06:40:12 UTC] PHP Parse error:  syntax error, unexpected identifier "add_shortcode" in C:\Users\81705\Local Sites\okivaluelab\app\public\wp-content\themes\okivaluelab-child\functions.php on line 18
[09-Nov-2025 06:40:12 UTC] PHP Parse error:  syntax error, unexpected identifier "add_shortcode" in C:\Users\81705\Local Sites\okivaluelab\app\public\wp-content\themes\okivaluelab-child\functions.php on line 18
[09-Nov-2025 06:40:16 UTC] PHP Parse error:  syntax error, unexpected identifier "add_shortcode" in C:\Users\81705\Local Sites\okivaluelab\app\public\wp-content\themes\okivaluelab-child\functions.php on line 18
[09-Nov-2025 06:40:21 UTC] PHP Parse error:  syntax error, unexpected identifier "add_shortcode" in C:\Users\81705\Local Sites\okivaluelab\app\public\wp-content\themes\okivaluelab-child\functions.php on line 18
[09-Nov-2025 06:40:29 UTC] PHP Parse error:  syntax error, unexpected identifier "add_shortcode" in C:\Users\81705\Local Sites\okivaluelab\app\public\wp-content\themes\okivaluelab-child\functions.php on line 18
[09-Nov-2025 06:40:30 UTC] PHP Parse error:  syntax error, unexpected identifier "add_shortcode" in C:\Users\81705\Local Sites\okivaluelab\app\public\wp-content\themes\okivaluelab-child\functions.php on line 18
[09-Nov-2025 06:40:36 UTC] PHP Parse error:  syntax error, unexpected identifier "add_shortcode" in C:\Users\81705\Local Sites\okivaluelab\app\public\wp-content\themes\okivaluelab-child\functions.php on line 18
[09-Nov-2025 06:40:44 UTC] PHP Parse error:  syntax error, unexpected identifier "add_shortcode" in C:\Users\81705\Local Sites\okivaluelab\app\public\wp-content\themes\okivaluelab-child\functions.php on line 18
[09-Nov-2025 06:40:49 UTC] PHP Parse error:  syntax error, unexpected identifier "add_shortcode" in C:\Users\81705\Local Sites\okivaluelab\app\public\wp-content\themes\okivaluelab-child\functions.php on line 18
[09-Nov-2025 06:41:12 UTC] PHP Parse error:  syntax error, unexpected identifier "add_shortcode" in C:\Users\81705\Local Sites\okivaluelab\app\public\wp-content\themes\okivaluelab-child\functions.php on line 18
[09-Nov-2025 06:41:12 UTC] PHP Parse error:  syntax error, unexpected identifier "add_shortcode" in C:\Users\81705\Local Sites\okivaluelab\app\public\wp-content\themes\okivaluelab-child\functions.php on line 18
[09-Nov-2025 06:41:17 UTC] PHP Parse error:  syntax error, unexpected identifier "add_shortcode" in C:\Users\81705\Local Sites\okivaluelab\app\public\wp-content\themes\okivaluelab-child\functions.php on line 18
[09-Nov-2025 06:41:30 UTC] PHP Parse error:  syntax error, unexpected identifier "add_shortcode" in C:\Users\81705\Local Sites\okivaluelab\app\public\wp-content\themes\okivaluelab-child\functions.php on line 18
[09-Nov-2025 06:41:33 UTC] PHP Parse error:  syntax error, unexpected identifier "add_shortcode" in C:\Users\81705\Local Sites\okivaluelab\app\public\wp-content\themes\okivaluelab-child\functions.php on line 18
[09-Nov-2025 06:41:49 UTC] PHP Parse error:  syntax error, unexpected identifier "add_shortcode" in C:\Users\81705\Local Sites\okivaluelab\app\public\wp-content\themes\okivaluelab-child\functions.php on line 18
[09-Nov-2025 06:42:12 UTC] PHP Parse error:  syntax error, unexpected identifier "add_shortcode" in C:\Users\81705\Local Sites\okivaluelab\app\public\wp-content\themes\okivaluelab-child\functions.php on line 18
[09-Nov-2025 06:42:12 UTC] PHP Parse error:  syntax error, unexpected identifier "add_shortcode" in C:\Users\81705\Local Sites\okivaluelab\app\public\wp-content\themes\okivaluelab-child\functions.php on line 18
[09-Nov-2025 06:42:17 UTC] PHP Parse error:  syntax error, unexpected identifier "add_shortcode" in C:\Users\81705\Local Sites\okivaluelab\app\public\wp-content\themes\okivaluelab-child\functions.php on line 18
[09-Nov-2025 06:42:20 UTC] PHP Parse error:  syntax error, unexpected identifier "add_shortcode" in C:\Users\81705\Local Sites\okivaluelab\app\public\wp-content\themes\okivaluelab-child\functions.php on line 18
[09-Nov-2025 06:42:49 UTC] PHP Parse error:  syntax error, unexpected identifier "add_shortcode" in C:\Users\81705\Local Sites\okivaluelab\app\public\wp-content\themes\okivaluelab-child\functions.php on line 18
[09-Nov-2025 06:42:55 UTC] PHP Parse error:  syntax error, unexpected identifier "add_shortcode" in C:\Users\81705\Local Sites\okivaluelab\app\public\wp-content\themes\okivaluelab-child\functions.php on line 18
[09-Nov-2025 06:43:12 UTC] PHP Parse error:  syntax error, unexpected identifier "add_shortcode" in C:\Users\81705\Local Sites\okivaluelab\app\public\wp-content\themes\okivaluelab-child\functions.php on line 18
[09-Nov-2025 06:43:12 UTC] PHP Parse error:  syntax error, unexpected identifier "add_shortcode" in C:\Users\81705\Local Sites\okivaluelab\app\public\wp-content\themes\okivaluelab-child\functions.php on line 18
[09-Nov-2025 06:43:17 UTC] PHP Parse error:  syntax error, unexpected identifier "add_shortcode" in C:\Users\81705\Local Sites\okivaluelab\app\public\wp-content\themes\okivaluelab-child\functions.php on line 18
[09-Nov-2025 06:43:18 UTC] PHP Parse error:  syntax error, unexpected identifier "add_shortcode" in C:\Users\81705\Local Sites\okivaluelab\app\public\wp-content\themes\okivaluelab-child\functions.php on line 18
[09-Nov-2025 06:43:20 UTC] PHP Parse error:  syntax error, unexpected identifier "add_shortcode" in C:\Users\81705\Local Sites\okivaluelab\app\public\wp-content\themes\okivaluelab-child\functions.php on line 18
[09-Nov-2025 06:43:22 UTC] PHP Parse error:  syntax error, unexpected identifier "add_shortcode" in C:\Users\81705\Local Sites\okivaluelab\app\public\wp-content\themes\okivaluelab-child\functions.php on line 18
[09-Nov-2025 06:43:29 UTC] PHP Parse error:  syntax error, unexpected identifier "add_shortcode" in C:\Users\81705\Local Sites\okivaluelab\app\public\wp-content\themes\okivaluelab-child\functions.php on line 18
[09-Nov-2025 06:43:30 UTC] PHP Parse error:  syntax error, unexpected identifier "add_shortcode" in C:\Users\81705\Local Sites\okivaluelab\app\public\wp-content\themes\okivaluelab-child\functions.php on line 18
[09-Nov-2025 06:43:51 UTC] PHP Parse error:  syntax error, unexpected identifier "add_shortcode" in C:\Users\81705\Local Sites\okivaluelab\app\public\wp-content\themes\okivaluelab-child\functions.php on line 18
[09-Nov-2025 06:43:52 UTC] PHP Parse error:  syntax error, unexpected identifier "add_shortcode" in C:\Users\81705\Local Sites\okivaluelab\app\public\wp-content\themes\okivaluelab-child\functions.php on line 18
[09-Nov-2025 06:43:53 UTC] PHP Parse error:  syntax error, unexpected identifier "add_shortcode" in C:\Users\81705\Local Sites\okivaluelab\app\public\wp-content\themes\okivaluelab-child\functions.php on line 18
[09-Nov-2025 06:43:53 UTC] PHP Parse error:  syntax error, unexpected identifier "add_shortcode" in C:\Users\81705\Local Sites\okivaluelab\app\public\wp-content\themes\okivaluelab-child\functions.php on line 18
[09-Nov-2025 06:43:56 UTC] PHP Parse error:  syntax error, unexpected identifier "add_shortcode" in C:\Users\81705\Local Sites\okivaluelab\app\public\wp-content\themes\okivaluelab-child\functions.php on line 18
[09-Nov-2025 06:43:56 UTC] PHP Parse error:  syntax error, unexpected identifier "add_shortcode" in C:\Users\81705\Local Sites\okivaluelab\app\public\wp-content\themes\okivaluelab-child\functions.php on line 18
[09-Nov-2025 06:44:04 UTC] PHP Parse error:  syntax error, unexpected identifier "add_shortcode" in C:\Users\81705\Local Sites\okivaluelab\app\public\wp-content\themes\okivaluelab-child\functions.php on line 18
[09-Nov-2025 06:44:04 UTC] PHP Parse error:  syntax error, unexpected identifier "add_shortcode" in C:\Users\81705\Local Sites\okivaluelab\app\public\wp-content\themes\okivaluelab-child\functions.php on line 18
[09-Nov-2025 06:44:43 UTC] PHP Parse error:  syntax error, unexpected identifier "add_shortcode" in C:\Users\81705\Local Sites\okivaluelab\app\public\wp-content\themes\okivaluelab-child\functions.php on line 18
[09-Nov-2025 06:44:43 UTC] PHP Parse error:  syntax error, unexpected identifier "add_shortcode" in C:\Users\81705\Local Sites\okivaluelab\app\public\wp-content\themes\okivaluelab-child\functions.php on line 18
[09-Nov-2025 06:44:43 UTC] PHP Parse error:  syntax error, unexpected identifier "add_shortcode" in C:\Users\81705\Local Sites\okivaluelab\app\public\wp-content\themes\okivaluelab-child\functions.php on line 18
[09-Nov-2025 06:45:01 UTC] PHP Parse error:  syntax error, unexpected identifier "add_shortcode" in C:\Users\81705\Local Sites\okivaluelab\app\public\wp-content\themes\okivaluelab-child\functions.php on line 18
[09-Nov-2025 06:45:01 UTC] PHP Parse error:  syntax error, unexpected identifier "add_shortcode" in C:\Users\81705\Local Sites\okivaluelab\app\public\wp-content\themes\okivaluelab-child\functions.php on line 18
[09-Nov-2025 06:50:04 UTC] PHP Deprecated:  preg_split(): Passing null to parameter #2 ($subject) of type string is deprecated in C:\Users\81705\Local Sites\okivaluelab\app\public\wp-content\plugins\fluentform\vendor\wpfluent\framework\src\WPFluent\Database\Query\Builder.php on line 1894
[09-Nov-2025 06:52:16 UTC] PHP Deprecated:  preg_split(): Passing null to parameter #2 ($subject) of type string is deprecated in C:\Users\81705\Local Sites\okivaluelab\app\public\wp-content\plugins\fluentform\vendor\wpfluent\framework\src\WPFluent\Database\Query\Builder.php on line 1894
[09-Nov-2025 06:53:29 UTC] PHP Deprecated:  preg_split(): Passing null to parameter #2 ($subject) of type string is deprecated in C:\Users\81705\Local Sites\okivaluelab\app\public\wp-content\plugins\fluentform\vendor\wpfluent\framework\src\WPFluent\Database\Query\Builder.php on line 1894
[09-Nov-2025 06:54:18 UTC] PHP Deprecated:  preg_split(): Passing null to parameter #2 ($subject) of type string is deprecated in C:\Users\81705\Local Sites\okivaluelab\app\public\wp-content\plugins\fluentform\vendor\wpfluent\framework\src\WPFluent\Database\Query\Builder.php on line 1894
[09-Nov-2025 06:55:21 UTC] PHP Deprecated:  preg_split(): Passing null to parameter #2 ($subject) of type string is deprecated in C:\Users\81705\Local Sites\okivaluelab\app\public\wp-content\plugins\fluentform\vendor\wpfluent\framework\src\WPFluent\Database\Query\Builder.php on line 1894
[09-Nov-2025 07:11:13 UTC] PHP Deprecated:  preg_split(): Passing null to parameter #2 ($subject) of type string is deprecated in C:\Users\81705\Local Sites\okivaluelab\app\public\wp-content\plugins\fluentform\vendor\wpfluent\framework\src\WPFluent\Database\Query\Builder.php on line 1894
[09-Nov-2025 07:14:32 UTC] PHP Deprecated:  preg_split(): Passing null to parameter #2 ($subject) of type string is deprecated in C:\Users\81705\Local Sites\okivaluelab\app\public\wp-content\plugins\fluentform\vendor\wpfluent\framework\src\WPFluent\Database\Query\Builder.php on line 1894
[09-Nov-2025 07:14:54 UTC] PHP Deprecated:  preg_split(): Passing null to parameter #2 ($subject) of type string is deprecated in C:\Users\81705\Local Sites\okivaluelab\app\public\wp-content\plugins\fluentform\vendor\wpfluent\framework\src\WPFluent\Database\Query\Builder.php on line 1894
[18-Nov-2025 01:21:40 UTC] PHP Warning:  mysqli_real_connect(): (HY000/2002): 対象のコンピューターによって拒否されたため、接続できませんでした。 in C:\Users\81705\Local Sites\okivaluelab\app\public\wp-includes\class-wpdb.php on line 1988
[18-Nov-2025 01:38:10 UTC] [OVL] property detail renderer aborted. Post type=page
[18-Nov-2025 01:40:14 UTC] [OVL] property detail renderer aborted. Post type=page
[18-Nov-2025 01:40:47 UTC] [OVL] property detail renderer aborted. Post type=page
[18-Nov-2025 01:41:12 UTC] [OVL] property detail renderer aborted. Post type=page
[18-Nov-2025 01:41:12 UTC] [OVL] property detail renderer aborted. Post type=page
[18-Nov-2025 01:41:32 UTC] Automatic updates starting...
[18-Nov-2025 01:41:32 UTC] Automatic updates complete.
[18-Nov-2025 01:51:59 UTC] [OVL] property detail renderer aborted. Post type=page
[18-Nov-2025 01:51:59 UTC] [OVL] property detail renderer aborted. Post type=page
[18-Nov-2025 01:51:59 UTC] [OVL] property detail renderer aborted. Post type=page
[18-Nov-2025 01:52:45 UTC] [OVL] property detail renderer aborted. Post type=page
[18-Nov-2025 01:53:25 UTC] [OVL] property detail renderer aborted. Post type=page
[18-Nov-2025 01:53:30 UTC] [OVL] property detail renderer aborted. Post type=page
[18-Nov-2025 01:53:30 UTC] [OVL] property detail renderer aborted. Post type=page
[18-Nov-2025 01:54:40 UTC] [OVL] property detail renderer aborted. Post type=page
[18-Nov-2025 01:55:09 UTC] [OVL] property detail renderer aborted. Post type=page
[18-Nov-2025 01:57:47 UTC] [OVL] property detail renderer aborted. Post type=page
[18-Nov-2025 01:58:36 UTC] [OVL] property detail renderer aborted. Post type=page
[18-Nov-2025 01:59:17 UTC] [OVL] property detail renderer aborted. Post type=page
[18-Nov-2025 01:59:47 UTC] [OVL] property detail renderer aborted. Post type=page
[18-Nov-2025 01:59:58 UTC] [OVL] property detail renderer aborted. Post type=page
[18-Nov-2025 01:59:58 UTC] [OVL] property detail renderer aborted. Post type=page
[18-Nov-2025 02:00:52 UTC] [OVL] property detail renderer aborted. Post type=page
[18-Nov-2025 02:06:18 UTC] [OVL] property detail renderer aborted. Post type=page
[18-Nov-2025 02:06:18 UTC] [OVL] property detail renderer aborted. Post type=page
[18-Nov-2025 02:10:32 UTC] [OVL] property detail renderer aborted. Post type=page
[18-Nov-2025 02:10:46 UTC] [OVL] property detail renderer aborted. Post type=page
[18-Nov-2025 02:10:46 UTC] [OVL] property detail renderer aborted. Post type=page
[18-Nov-2025 02:11:11 UTC] [OVL] property detail renderer aborted. Post type=page
[18-Nov-2025 02:11:11 UTC] [OVL] property detail renderer aborted. Post type=page
[18-Nov-2025 02:11:35 UTC] [OVL] property detail renderer aborted. Post type=page
[18-Nov-2025 02:14:21 UTC] [OVL] property detail renderer aborted. Post type=page
[18-Nov-2025 02:14:31 UTC] [OVL] property detail renderer aborted. Post type=page
[18-Nov-2025 02:14:42 UTC] [OVL] property detail renderer aborted. Post type=page
[18-Nov-2025 02:14:42 UTC] [OVL] property detail renderer aborted. Post type=page
[18-Nov-2025 02:15:06 UTC] [OVL] property detail renderer aborted. Post type=page
[18-Nov-2025 02:15:48 UTC] [OVL] property detail renderer aborted. Post type=page
[18-Nov-2025 02:15:52 UTC] [OVL] property detail renderer aborted. Post type=page
[18-Nov-2025 02:15:52 UTC] [OVL] property detail renderer aborted. Post type=page
[18-Nov-2025 02:16:04 UTC] [OVL] property detail renderer aborted. Post type=page
[18-Nov-2025 02:16:37 UTC] [OVL] property detail renderer aborted. Post type=page
[18-Nov-2025 02:16:37 UTC] [OVL] property detail renderer aborted. Post type=page
[18-Nov-2025 02:18:52 UTC] [OVL] property detail renderer aborted. Post type=page
[18-Nov-2025 02:19:02 UTC] [OVL] property detail renderer aborted. Post type=page
[18-Nov-2025 02:19:18 UTC] [OVL] property detail renderer aborted. Post type=page
[18-Nov-2025 02:19:21 UTC] [OVL] property detail renderer aborted. Post type=page
[18-Nov-2025 02:19:21 UTC] [OVL] property detail renderer aborted. Post type=page
[18-Nov-2025 02:19:37 UTC] [OVL] property detail renderer aborted. Post type=page
[18-Nov-2025 02:19:37 UTC] [OVL] property detail renderer aborted. Post type=page
[18-Nov-2025 02:22:30 UTC] [OVL] property detail renderer aborted. Post type=page
[18-Nov-2025 02:23:28 UTC] [OVL] property detail renderer aborted. Post type=page
[18-Nov-2025 02:26:26 UTC] [OVL] property detail renderer aborted. Post type=page
[18-Nov-2025 02:26:38 UTC] [OVL] property detail renderer aborted. Post type=page
[18-Nov-2025 02:26:46 UTC] [OVL] property detail renderer aborted. Post type=page
[18-Nov-2025 02:27:03 UTC] [OVL] property detail renderer aborted. Post type=page
[18-Nov-2025 02:28:23 UTC] [OVL] property detail renderer aborted. Post type=page
[18-Nov-2025 02:33:57 UTC] [OVL] property detail renderer aborted. Post type=page
[18-Nov-2025 02:36:37 UTC] [OVL] property detail renderer aborted. Post type=page
